2019-07-15 17:59:22  INFO main utilityclasses.CommonFunction-[getAllFileInResourceFolder() - ]:1724:: [alm.properties, config.properties, mail.properties]
2019-07-15 17:59:22  INFO main configuration.PropertyValues-[loadPropertyFiles() - ]:42:: No additional Property files available to read
2019-07-15 17:59:22  INFO main controller.Controller-[<init>() - ]:106:: report_Path : C:\reports\
2019-07-15 17:59:22  INFO main controller.Controller-[init() - ]:156:: ReportPath : C:\reports\
2019-07-15 17:59:22  INFO main configuration.Loader-[loadConfigs() - ]:51:: configALMPath : config-files/alm.properties
2019-07-15 17:59:22  INFO main configuration.Loader-[loadConfigs() - ]:56:: configMailPath : config-files/mail.properties
2019-07-15 17:59:22 ERROR main controller.Controller-[<init>() - ]:116:: No enum constant com.azo.flexFrmwk.constants.ReportingType.WEB
2019-07-15 17:59:22  INFO main controller.Controller-[control() - ]:176:: Execution started
2019-07-15 17:59:23  INFO main utilityclasses.ExcelUtils-[readExcel() - ]:69:: Reading the workbook C:\\Test0\\RunManager.xls
2019-07-15 17:59:23  INFO main view.ExcelScenarioBuilder-[buildScenario() - ]:29:: Total # of test case: 1
2019-07-15 17:59:23  INFO main view.ExcelScenarioBuilder-[buildScenario() - ]:45:: Current unique scenario id: Mandatory Fields
2019-07-15 17:59:23  INFO main view.ExcelScenarioBuilder-[buildScenario() - ]:55:: Current test case id: Mandatory Fields
2019-07-15 17:59:23  INFO main view.ExcelScenarioBuilder-[buildScenario() - ]:65:: Current Feature file name: CarrierUpload
2019-07-15 17:59:23  INFO main view.ExcelScenarioBuilder-[buildScenario() - ]:73:: Remote Execution Mode: No
2019-07-15 17:59:23  INFO main view.ExcelScenarioBuilder-[buildScenario() - ]:81:: Current Scenario name: Mandatory Fields
2019-07-15 17:59:23  INFO main view.ExcelScenarioBuilder-[buildScenario() - ]:90:: Current Test suite name: Mandatory Fields
2019-07-15 17:59:23  WARN main view.ExcelScenarioBuilder-[buildScenario() - ]:106:: No scenario description found in the Run Manager
2019-07-15 17:59:23  WARN main view.ExcelScenarioBuilder-[buildScenario() - ]:117:: No data file found for the test suite Mandatory Fields
2019-07-15 17:59:23  INFO main view.ExcelScenarioBuilder-[buildScenario() - ]:29:: Total # of test case: 1
2019-07-15 17:59:23  INFO main view.ExcelScenarioBuilder-[buildScenario() - ]:45:: Current unique scenario id: Mandatory Fields
2019-07-15 17:59:23  INFO main view.ExcelScenarioBuilder-[buildScenario() - ]:55:: Current test case id: Mandatory Fields
2019-07-15 17:59:23  INFO main view.ExcelScenarioBuilder-[buildScenario() - ]:65:: Current Feature file name: CarrierUpload
2019-07-15 17:59:23  INFO main view.ExcelScenarioBuilder-[buildScenario() - ]:73:: Remote Execution Mode: No
2019-07-15 17:59:23  INFO main view.ExcelScenarioBuilder-[buildScenario() - ]:81:: Current Scenario name: Mandatory Fields
2019-07-15 17:59:23  INFO main view.ExcelScenarioBuilder-[buildScenario() - ]:90:: Current Test suite name: Mandatory Fields
2019-07-15 17:59:23  WARN main view.ExcelScenarioBuilder-[buildScenario() - ]:106:: No scenario description found in the Run Manager
2019-07-15 17:59:23  WARN main view.ExcelScenarioBuilder-[buildScenario() - ]:117:: No data file found for the test suite Mandatory Fields
2019-07-15 17:59:23  INFO main driver.DriverFactory-[callDrive() - ]:21:: AppType requested is web, Selenium driver will be initiated
2019-07-15 17:59:23  INFO main driver.DriverFactory-[callDrive() - ]:51:: Requested Selenium driver
2019-07-16 08:45:47  INFO main utilityclasses.CommonFunction-[getAllFileInResourceFolder() - ]:1724:: [alm.properties, config.properties, mail.properties]
2019-07-16 08:45:47  INFO main utilityclasses.CommonFunction-[getAllFileInResourceFolder() - ]:1724:: [alm.properties, config.properties, mail.properties]
2019-07-16 08:45:47  INFO main configuration.PropertyValues-[loadPropertyFiles() - ]:42:: No additional Property files available to read
2019-07-16 08:45:47  INFO main configuration.PropertyValues-[loadPropertyFiles() - ]:42:: No additional Property files available to read
2019-07-16 08:45:47  INFO main controller.Controller-[<init>() - ]:106:: report_Path : C:\reports\
2019-07-16 08:45:47  INFO main controller.Controller-[<init>() - ]:106:: report_Path : C:\reports\
2019-07-16 08:45:47  INFO main controller.Controller-[init() - ]:156:: ReportPath : C:\reports\
2019-07-16 08:45:47  INFO main controller.Controller-[init() - ]:156:: ReportPath : C:\reports\
2019-07-16 08:45:47  INFO main configuration.Loader-[loadConfigs() - ]:51:: configALMPath : config-files/alm.properties
2019-07-16 08:45:47  INFO main configuration.Loader-[loadConfigs() - ]:51:: configALMPath : config-files/alm.properties
2019-07-16 08:45:47  INFO main configuration.Loader-[loadConfigs() - ]:56:: configMailPath : config-files/mail.properties
2019-07-16 08:45:47  INFO main configuration.Loader-[loadConfigs() - ]:56:: configMailPath : config-files/mail.properties
2019-07-16 08:45:47 ERROR main controller.Controller-[<init>() - ]:116:: No enum constant com.azo.flexFrmwk.constants.ReportingType.WEB
2019-07-16 08:45:47  INFO main controller.Controller-[control() - ]:176:: Execution started
2019-07-16 08:45:47 ERROR main controller.Controller-[<init>() - ]:116:: No enum constant com.azo.flexFrmwk.constants.ReportingType.WEB
2019-07-16 08:45:47  INFO main controller.Controller-[control() - ]:176:: Execution started
2019-07-16 08:45:49  INFO main utilityclasses.ExcelUtils-[readExcel() - ]:69:: Reading the workbook C:\\Test0\\RunManager.xls
2019-07-16 08:45:49  INFO main utilityclasses.ExcelUtils-[readExcel() - ]:69:: Reading the workbook C:\\Test0\\RunManager.xls
2019-07-16 08:45:49  INFO main view.ExcelScenarioBuilder-[buildScenario() - ]:29:: Total # of test case: 1
2019-07-16 08:45:49  INFO main view.ExcelScenarioBuilder-[buildScenario() - ]:29:: Total # of test case: 1
2019-07-16 08:45:49  INFO main view.ExcelScenarioBuilder-[buildScenario() - ]:45:: Current unique scenario id: Mandatory Fields
2019-07-16 08:45:49  INFO main view.ExcelScenarioBuilder-[buildScenario() - ]:45:: Current unique scenario id: Mandatory Fields
2019-07-16 08:45:49  INFO main view.ExcelScenarioBuilder-[buildScenario() - ]:55:: Current test case id: Mandatory Fields
2019-07-16 08:45:49  INFO main view.ExcelScenarioBuilder-[buildScenario() - ]:55:: Current test case id: Mandatory Fields
2019-07-16 08:45:49  INFO main view.ExcelScenarioBuilder-[buildScenario() - ]:65:: Current Feature file name: CarrierUpload
2019-07-16 08:45:49  INFO main view.ExcelScenarioBuilder-[buildScenario() - ]:65:: Current Feature file name: CarrierUpload
2019-07-16 08:45:49  INFO main view.ExcelScenarioBuilder-[buildScenario() - ]:73:: Remote Execution Mode: No
2019-07-16 08:45:49  INFO main view.ExcelScenarioBuilder-[buildScenario() - ]:81:: Current Scenario name: Mandatory Fields
2019-07-16 08:45:49  INFO main view.ExcelScenarioBuilder-[buildScenario() - ]:73:: Remote Execution Mode: No
2019-07-16 08:45:49  INFO main view.ExcelScenarioBuilder-[buildScenario() - ]:81:: Current Scenario name: Mandatory Fields
2019-07-16 08:45:49  INFO main view.ExcelScenarioBuilder-[buildScenario() - ]:90:: Current Test suite name: Mandatory Fields
2019-07-16 08:45:49  INFO main view.ExcelScenarioBuilder-[buildScenario() - ]:90:: Current Test suite name: Mandatory Fields
2019-07-16 08:45:49  WARN main view.ExcelScenarioBuilder-[buildScenario() - ]:106:: No scenario description found in the Run Manager
2019-07-16 08:45:49  WARN main view.ExcelScenarioBuilder-[buildScenario() - ]:106:: No scenario description found in the Run Manager
2019-07-16 08:45:49  WARN main view.ExcelScenarioBuilder-[buildScenario() - ]:117:: No data file found for the test suite Mandatory Fields
2019-07-16 08:45:49  WARN main view.ExcelScenarioBuilder-[buildScenario() - ]:117:: No data file found for the test suite Mandatory Fields
2019-07-16 08:45:49  INFO main view.ExcelScenarioBuilder-[buildScenario() - ]:29:: Total # of test case: 1
2019-07-16 08:45:49  INFO main view.ExcelScenarioBuilder-[buildScenario() - ]:29:: Total # of test case: 1
2019-07-16 08:45:49  INFO main view.ExcelScenarioBuilder-[buildScenario() - ]:45:: Current unique scenario id: Mandatory Fields
2019-07-16 08:45:49  INFO main view.ExcelScenarioBuilder-[buildScenario() - ]:45:: Current unique scenario id: Mandatory Fields
2019-07-16 08:45:49  INFO main view.ExcelScenarioBuilder-[buildScenario() - ]:55:: Current test case id: Mandatory Fields
2019-07-16 08:45:49  INFO main view.ExcelScenarioBuilder-[buildScenario() - ]:65:: Current Feature file name: CarrierUpload
2019-07-16 08:45:49  INFO main view.ExcelScenarioBuilder-[buildScenario() - ]:73:: Remote Execution Mode: No
2019-07-16 08:45:49  INFO main view.ExcelScenarioBuilder-[buildScenario() - ]:81:: Current Scenario name: Mandatory Fields
2019-07-16 08:45:49  INFO main view.ExcelScenarioBuilder-[buildScenario() - ]:90:: Current Test suite name: Mandatory Fields
2019-07-16 08:45:49  WARN main view.ExcelScenarioBuilder-[buildScenario() - ]:106:: No scenario description found in the Run Manager
2019-07-16 08:45:49  WARN main view.ExcelScenarioBuilder-[buildScenario() - ]:117:: No data file found for the test suite Mandatory Fields
2019-07-16 08:45:49  INFO main view.ExcelScenarioBuilder-[buildScenario() - ]:55:: Current test case id: Mandatory Fields
2019-07-16 08:45:49  INFO main view.ExcelScenarioBuilder-[buildScenario() - ]:65:: Current Feature file name: CarrierUpload
2019-07-16 08:45:49  INFO main view.ExcelScenarioBuilder-[buildScenario() - ]:73:: Remote Execution Mode: No
2019-07-16 08:45:49  INFO main view.ExcelScenarioBuilder-[buildScenario() - ]:81:: Current Scenario name: Mandatory Fields
2019-07-16 08:45:49  INFO main view.ExcelScenarioBuilder-[buildScenario() - ]:90:: Current Test suite name: Mandatory Fields
2019-07-16 08:45:49  WARN main view.ExcelScenarioBuilder-[buildScenario() - ]:106:: No scenario description found in the Run Manager
2019-07-16 08:45:49  WARN main view.ExcelScenarioBuilder-[buildScenario() - ]:117:: No data file found for the test suite Mandatory Fields
2019-07-16 08:45:49  INFO main driver.DriverFactory-[callDrive() - ]:21:: AppType requested is web, Selenium driver will be initiated
2019-07-16 08:45:49  INFO main driver.DriverFactory-[callDrive() - ]:51:: Requested Selenium driver
2019-07-16 08:45:49  INFO main driver.DriverFactory-[callDrive() - ]:21:: AppType requested is web, Selenium driver will be initiated
2019-07-16 08:45:49  INFO main driver.DriverFactory-[callDrive() - ]:51:: Requested Selenium driver
2019-07-16 08:48:44  INFO main utilityclasses.CommonFunction-[getAllFileInResourceFolder() - ]:1724:: [alm.properties, config.properties, mail.properties]
2019-07-16 08:48:44  INFO main configuration.PropertyValues-[loadPropertyFiles() - ]:42:: No additional Property files available to read
2019-07-16 08:48:44  INFO main controller.Controller-[<init>() - ]:106:: report_Path : C:\reports\
2019-07-16 08:48:44  INFO main controller.Controller-[init() - ]:156:: ReportPath : C:\reports\
2019-07-16 08:48:44  INFO main configuration.Loader-[loadConfigs() - ]:51:: configALMPath : config-files/alm.properties
2019-07-16 08:48:44  INFO main configuration.Loader-[loadConfigs() - ]:56:: configMailPath : config-files/mail.properties
2019-07-16 08:48:44 ERROR main controller.Controller-[<init>() - ]:116:: No enum constant com.azo.flexFrmwk.constants.ReportingType.WEB
2019-07-16 08:48:44  INFO main controller.Controller-[control() - ]:176:: Execution started
2019-07-16 08:48:44  INFO main utilityclasses.ExcelUtils-[readExcel() - ]:69:: Reading the workbook C:\\Test0\\RunManager.xls
2019-07-16 08:48:44  INFO main view.ExcelScenarioBuilder-[buildScenario() - ]:29:: Total # of test case: 1
2019-07-16 08:48:44  INFO main view.ExcelScenarioBuilder-[buildScenario() - ]:45:: Current unique scenario id: Mandatory Fields
2019-07-16 08:48:44  INFO main view.ExcelScenarioBuilder-[buildScenario() - ]:55:: Current test case id: Mandatory Fields
2019-07-16 08:48:44  INFO main view.ExcelScenarioBuilder-[buildScenario() - ]:65:: Current Feature file name: CarrierUpload
2019-07-16 08:48:44  INFO main view.ExcelScenarioBuilder-[buildScenario() - ]:73:: Remote Execution Mode: No
2019-07-16 08:48:44  INFO main view.ExcelScenarioBuilder-[buildScenario() - ]:81:: Current Scenario name: Mandatory Fields
2019-07-16 08:48:44  INFO main view.ExcelScenarioBuilder-[buildScenario() - ]:90:: Current Test suite name: Mandatory Fields
2019-07-16 08:48:44  WARN main view.ExcelScenarioBuilder-[buildScenario() - ]:106:: No scenario description found in the Run Manager
2019-07-16 08:48:44  WARN main view.ExcelScenarioBuilder-[buildScenario() - ]:117:: No data file found for the test suite Mandatory Fields
2019-07-16 08:48:44  INFO main view.ExcelScenarioBuilder-[buildScenario() - ]:29:: Total # of test case: 1
2019-07-16 08:48:44  INFO main view.ExcelScenarioBuilder-[buildScenario() - ]:45:: Current unique scenario id: Mandatory Fields
2019-07-16 08:48:44  INFO main view.ExcelScenarioBuilder-[buildScenario() - ]:55:: Current test case id: Mandatory Fields
2019-07-16 08:48:44  INFO main view.ExcelScenarioBuilder-[buildScenario() - ]:65:: Current Feature file name: CarrierUpload
2019-07-16 08:48:44  INFO main view.ExcelScenarioBuilder-[buildScenario() - ]:73:: Remote Execution Mode: No
2019-07-16 08:48:44  INFO main view.ExcelScenarioBuilder-[buildScenario() - ]:81:: Current Scenario name: Mandatory Fields
2019-07-16 08:48:44  INFO main view.ExcelScenarioBuilder-[buildScenario() - ]:90:: Current Test suite name: Mandatory Fields
2019-07-16 08:48:44  WARN main view.ExcelScenarioBuilder-[buildScenario() - ]:106:: No scenario description found in the Run Manager
2019-07-16 08:48:44  WARN main view.ExcelScenarioBuilder-[buildScenario() - ]:117:: No data file found for the test suite Mandatory Fields
2019-07-16 08:48:44  INFO main driver.DriverFactory-[callDrive() - ]:21:: AppType requested is web, Selenium driver will be initiated
2019-07-16 08:48:44  INFO main driver.DriverFactory-[callDrive() - ]:51:: Requested Selenium driver
2019-07-16 08:51:33  INFO main utilityclasses.CommonFunction-[getAllFileInResourceFolder() - ]:1724:: [alm.properties, config.properties, mail.properties]
2019-07-16 08:51:33  INFO main configuration.PropertyValues-[loadPropertyFiles() - ]:42:: No additional Property files available to read
2019-07-16 08:51:33  INFO main controller.Controller-[<init>() - ]:106:: report_Path : C:\reports\
2019-07-16 08:51:33  INFO main controller.Controller-[init() - ]:156:: ReportPath : C:\reports\
2019-07-16 08:51:33  INFO main configuration.Loader-[loadConfigs() - ]:51:: configALMPath : config-files/alm.properties
2019-07-16 08:51:33  INFO main configuration.Loader-[loadConfigs() - ]:56:: configMailPath : config-files/mail.properties
2019-07-16 08:51:33 ERROR main controller.Controller-[<init>() - ]:116:: No enum constant com.azo.flexFrmwk.constants.ReportingType.WEB
2019-07-16 08:51:33  INFO main controller.Controller-[control() - ]:176:: Execution started
2019-07-16 08:51:33  INFO main utilityclasses.ExcelUtils-[readExcel() - ]:69:: Reading the workbook C:\\Test0\\RunManager.xls
2019-07-16 08:51:33  INFO main view.ExcelScenarioBuilder-[buildScenario() - ]:29:: Total # of test case: 1
2019-07-16 08:51:33  INFO main view.ExcelScenarioBuilder-[buildScenario() - ]:45:: Current unique scenario id: Mandatory Fields
2019-07-16 08:51:33  INFO main view.ExcelScenarioBuilder-[buildScenario() - ]:55:: Current test case id: Mandatory Fields
2019-07-16 08:51:33  INFO main view.ExcelScenarioBuilder-[buildScenario() - ]:65:: Current Feature file name: CarrierUpload
2019-07-16 08:51:33  INFO main view.ExcelScenarioBuilder-[buildScenario() - ]:73:: Remote Execution Mode: No
2019-07-16 08:51:33  INFO main view.ExcelScenarioBuilder-[buildScenario() - ]:81:: Current Scenario name: Mandatory Fields
2019-07-16 08:51:33  INFO main view.ExcelScenarioBuilder-[buildScenario() - ]:90:: Current Test suite name: Mandatory Fields
2019-07-16 08:51:33  WARN main view.ExcelScenarioBuilder-[buildScenario() - ]:106:: No scenario description found in the Run Manager
2019-07-16 08:51:33  WARN main view.ExcelScenarioBuilder-[buildScenario() - ]:117:: No data file found for the test suite Mandatory Fields
2019-07-16 08:51:33  INFO main view.ExcelScenarioBuilder-[buildScenario() - ]:29:: Total # of test case: 1
2019-07-16 08:51:33  INFO main view.ExcelScenarioBuilder-[buildScenario() - ]:45:: Current unique scenario id: Mandatory Fields
2019-07-16 08:51:33  INFO main view.ExcelScenarioBuilder-[buildScenario() - ]:55:: Current test case id: Mandatory Fields
2019-07-16 08:51:33  INFO main view.ExcelScenarioBuilder-[buildScenario() - ]:65:: Current Feature file name: CarrierUpload
2019-07-16 08:51:33  INFO main view.ExcelScenarioBuilder-[buildScenario() - ]:73:: Remote Execution Mode: No
2019-07-16 08:51:33  INFO main view.ExcelScenarioBuilder-[buildScenario() - ]:81:: Current Scenario name: Mandatory Fields
2019-07-16 08:51:33  INFO main view.ExcelScenarioBuilder-[buildScenario() - ]:90:: Current Test suite name: Mandatory Fields
2019-07-16 08:51:33  WARN main view.ExcelScenarioBuilder-[buildScenario() - ]:106:: No scenario description found in the Run Manager
2019-07-16 08:51:33  WARN main view.ExcelScenarioBuilder-[buildScenario() - ]:117:: No data file found for the test suite Mandatory Fields
2019-07-16 08:51:33  INFO main driver.DriverFactory-[callDrive() - ]:21:: AppType requested is web, Selenium driver will be initiated
2019-07-16 08:51:33  INFO main driver.DriverFactory-[callDrive() - ]:51:: Requested Selenium driver
2019-07-16 08:53:39  INFO main utilityclasses.CommonFunction-[getAllFileInResourceFolder() - ]:1724:: [alm.properties, config.properties, mail.properties]
2019-07-16 08:53:39  INFO main configuration.PropertyValues-[loadPropertyFiles() - ]:42:: No additional Property files available to read
2019-07-16 08:53:39  INFO main controller.Controller-[<init>() - ]:106:: report_Path : C:\reports\
2019-07-16 08:53:39  INFO main controller.Controller-[init() - ]:156:: ReportPath : C:\reports\
2019-07-16 08:53:39  INFO main configuration.Loader-[loadConfigs() - ]:51:: configALMPath : config-files/alm.properties
2019-07-16 08:53:39  INFO main configuration.Loader-[loadConfigs() - ]:56:: configMailPath : config-files/mail.properties
2019-07-16 08:53:39 ERROR main controller.Controller-[<init>() - ]:116:: No enum constant com.azo.flexFrmwk.constants.ReportingType.WEB
2019-07-16 08:53:39  INFO main controller.Controller-[control() - ]:176:: Execution started
2019-07-16 08:53:40  INFO main utilityclasses.ExcelUtils-[readExcel() - ]:69:: Reading the workbook C:\\Test0\\RunManager.xls
2019-07-16 08:53:40  INFO main view.ExcelScenarioBuilder-[buildScenario() - ]:29:: Total # of test case: 1
2019-07-16 08:53:40  INFO main view.ExcelScenarioBuilder-[buildScenario() - ]:45:: Current unique scenario id: Mandatory Fields
2019-07-16 08:53:40  INFO main view.ExcelScenarioBuilder-[buildScenario() - ]:55:: Current test case id: Mandatory Fields
2019-07-16 08:53:40  INFO main view.ExcelScenarioBuilder-[buildScenario() - ]:65:: Current Feature file name: CarrierUpload
2019-07-16 08:53:40  INFO main view.ExcelScenarioBuilder-[buildScenario() - ]:73:: Remote Execution Mode: No
2019-07-16 08:53:40  INFO main view.ExcelScenarioBuilder-[buildScenario() - ]:81:: Current Scenario name: Mandatory Fields
2019-07-16 08:53:40  INFO main view.ExcelScenarioBuilder-[buildScenario() - ]:90:: Current Test suite name: Mandatory Fields
2019-07-16 08:53:40  WARN main view.ExcelScenarioBuilder-[buildScenario() - ]:106:: No scenario description found in the Run Manager
2019-07-16 08:53:40  WARN main view.ExcelScenarioBuilder-[buildScenario() - ]:117:: No data file found for the test suite Mandatory Fields
2019-07-16 08:53:40  INFO main view.ExcelScenarioBuilder-[buildScenario() - ]:29:: Total # of test case: 1
2019-07-16 08:53:40  INFO main view.ExcelScenarioBuilder-[buildScenario() - ]:45:: Current unique scenario id: Mandatory Fields
2019-07-16 08:53:40  INFO main view.ExcelScenarioBuilder-[buildScenario() - ]:55:: Current test case id: Mandatory Fields
2019-07-16 08:53:40  INFO main view.ExcelScenarioBuilder-[buildScenario() - ]:65:: Current Feature file name: CarrierUpload
2019-07-16 08:53:40  INFO main view.ExcelScenarioBuilder-[buildScenario() - ]:73:: Remote Execution Mode: No
2019-07-16 08:53:40  INFO main view.ExcelScenarioBuilder-[buildScenario() - ]:81:: Current Scenario name: Mandatory Fields
2019-07-16 08:53:40  INFO main view.ExcelScenarioBuilder-[buildScenario() - ]:90:: Current Test suite name: Mandatory Fields
2019-07-16 08:53:40  WARN main view.ExcelScenarioBuilder-[buildScenario() - ]:106:: No scenario description found in the Run Manager
2019-07-16 08:53:40  WARN main view.ExcelScenarioBuilder-[buildScenario() - ]:117:: No data file found for the test suite Mandatory Fields
2019-07-16 08:53:40  INFO main driver.DriverFactory-[callDrive() - ]:21:: AppType requested is web, Selenium driver will be initiated
2019-07-16 08:53:40  INFO main driver.DriverFactory-[callDrive() - ]:51:: Requested Selenium driver
2019-07-16 09:01:08  INFO main utilityclasses.CommonFunction-[getAllFileInResourceFolder() - ]:1724:: [alm.properties, config.properties, mail.properties]
2019-07-16 09:01:08  INFO main configuration.PropertyValues-[loadPropertyFiles() - ]:42:: No additional Property files available to read
2019-07-16 09:01:08  INFO main controller.Controller-[<init>() - ]:106:: report_Path : C:\reports\
2019-07-16 09:01:08  INFO main controller.Controller-[init() - ]:156:: ReportPath : C:\reports\
2019-07-16 09:01:08  INFO main configuration.Loader-[loadConfigs() - ]:51:: configALMPath : config-files/alm.properties
2019-07-16 09:01:08  INFO main configuration.Loader-[loadConfigs() - ]:56:: configMailPath : config-files/mail.properties
2019-07-16 09:01:08 ERROR main controller.Controller-[<init>() - ]:116:: No enum constant com.azo.flexFrmwk.constants.ReportingType.WEB
2019-07-16 09:01:08  INFO main controller.Controller-[control() - ]:176:: Execution started
2019-07-16 09:01:09  INFO main utilityclasses.ExcelUtils-[readExcel() - ]:69:: Reading the workbook C:\\Test0\\RunManager.xls
2019-07-16 09:01:09  INFO main view.ExcelScenarioBuilder-[buildScenario() - ]:29:: Total # of test case: 1
2019-07-16 09:01:09  INFO main view.ExcelScenarioBuilder-[buildScenario() - ]:45:: Current unique scenario id: Mandatory Fields
2019-07-16 09:01:09  INFO main view.ExcelScenarioBuilder-[buildScenario() - ]:55:: Current test case id: Mandatory Fields
2019-07-16 09:01:09  INFO main view.ExcelScenarioBuilder-[buildScenario() - ]:65:: Current Feature file name: CarrierUpload
2019-07-16 09:01:09  INFO main view.ExcelScenarioBuilder-[buildScenario() - ]:73:: Remote Execution Mode: No
2019-07-16 09:01:09  INFO main view.ExcelScenarioBuilder-[buildScenario() - ]:81:: Current Scenario name: Mandatory Fields
2019-07-16 09:01:09  INFO main view.ExcelScenarioBuilder-[buildScenario() - ]:90:: Current Test suite name: Mandatory Fields
2019-07-16 09:01:09  WARN main view.ExcelScenarioBuilder-[buildScenario() - ]:106:: No scenario description found in the Run Manager
2019-07-16 09:01:09  WARN main view.ExcelScenarioBuilder-[buildScenario() - ]:117:: No data file found for the test suite Mandatory Fields
2019-07-16 09:01:09  INFO main view.ExcelScenarioBuilder-[buildScenario() - ]:29:: Total # of test case: 1
2019-07-16 09:01:09  INFO main view.ExcelScenarioBuilder-[buildScenario() - ]:45:: Current unique scenario id: Mandatory Fields
2019-07-16 09:01:09  INFO main view.ExcelScenarioBuilder-[buildScenario() - ]:55:: Current test case id: Mandatory Fields
2019-07-16 09:01:09  INFO main view.ExcelScenarioBuilder-[buildScenario() - ]:65:: Current Feature file name: CarrierUpload
2019-07-16 09:01:09  INFO main view.ExcelScenarioBuilder-[buildScenario() - ]:73:: Remote Execution Mode: No
2019-07-16 09:01:09  INFO main view.ExcelScenarioBuilder-[buildScenario() - ]:81:: Current Scenario name: Mandatory Fields
2019-07-16 09:01:09  INFO main view.ExcelScenarioBuilder-[buildScenario() - ]:90:: Current Test suite name: Mandatory Fields
2019-07-16 09:01:09  WARN main view.ExcelScenarioBuilder-[buildScenario() - ]:106:: No scenario description found in the Run Manager
2019-07-16 09:01:09  WARN main view.ExcelScenarioBuilder-[buildScenario() - ]:117:: No data file found for the test suite Mandatory Fields
2019-07-16 09:01:09  INFO main driver.DriverFactory-[callDrive() - ]:21:: AppType requested is web, Selenium driver will be initiated
2019-07-16 09:01:09  INFO main driver.DriverFactory-[callDrive() - ]:51:: Requested Selenium driver
2019-07-16 09:05:10  INFO main utilityclasses.CommonFunction-[getAllFileInResourceFolder() - ]:1724:: [alm.properties, config.properties, mail.properties]
2019-07-16 09:05:10  INFO main configuration.PropertyValues-[loadPropertyFiles() - ]:42:: No additional Property files available to read
2019-07-16 09:05:10  INFO main controller.Controller-[<init>() - ]:106:: report_Path : C:\reports\
2019-07-16 09:05:10  INFO main controller.Controller-[init() - ]:156:: ReportPath : C:\reports\
2019-07-16 09:05:10  INFO main configuration.Loader-[loadConfigs() - ]:51:: configALMPath : config-files/alm.properties
2019-07-16 09:05:10  INFO main configuration.Loader-[loadConfigs() - ]:56:: configMailPath : config-files/mail.properties
2019-07-16 09:05:10 ERROR main controller.Controller-[<init>() - ]:116:: No enum constant com.azo.flexFrmwk.constants.ReportingType.WEB
2019-07-16 09:05:10  INFO main controller.Controller-[control() - ]:176:: Execution started
2019-07-16 09:05:11  INFO main utilityclasses.ExcelUtils-[readExcel() - ]:69:: Reading the workbook C:\\Test0\\RunManager.xls
2019-07-16 09:05:11  INFO main view.ExcelScenarioBuilder-[buildScenario() - ]:29:: Total # of test case: 1
2019-07-16 09:05:11  INFO main view.ExcelScenarioBuilder-[buildScenario() - ]:45:: Current unique scenario id: Mandatory Fields
2019-07-16 09:05:11  INFO main view.ExcelScenarioBuilder-[buildScenario() - ]:55:: Current test case id: Mandatory Fields
2019-07-16 09:05:11  INFO main view.ExcelScenarioBuilder-[buildScenario() - ]:65:: Current Feature file name: CarrierUpload
2019-07-16 09:05:11  INFO main view.ExcelScenarioBuilder-[buildScenario() - ]:73:: Remote Execution Mode: No
2019-07-16 09:05:11  INFO main view.ExcelScenarioBuilder-[buildScenario() - ]:81:: Current Scenario name: Mandatory Fields
2019-07-16 09:05:11  INFO main view.ExcelScenarioBuilder-[buildScenario() - ]:90:: Current Test suite name: Mandatory Fields
2019-07-16 09:05:11  WARN main view.ExcelScenarioBuilder-[buildScenario() - ]:106:: No scenario description found in the Run Manager
2019-07-16 09:05:11  WARN main view.ExcelScenarioBuilder-[buildScenario() - ]:117:: No data file found for the test suite Mandatory Fields
2019-07-16 09:05:11  INFO main view.ExcelScenarioBuilder-[buildScenario() - ]:29:: Total # of test case: 1
2019-07-16 09:05:11  INFO main view.ExcelScenarioBuilder-[buildScenario() - ]:45:: Current unique scenario id: Mandatory Fields
2019-07-16 09:05:11  INFO main view.ExcelScenarioBuilder-[buildScenario() - ]:55:: Current test case id: Mandatory Fields
2019-07-16 09:05:11  INFO main view.ExcelScenarioBuilder-[buildScenario() - ]:65:: Current Feature file name: CarrierUpload
2019-07-16 09:05:11  INFO main view.ExcelScenarioBuilder-[buildScenario() - ]:73:: Remote Execution Mode: No
2019-07-16 09:05:11  INFO main view.ExcelScenarioBuilder-[buildScenario() - ]:81:: Current Scenario name: Mandatory Fields
2019-07-16 09:05:11  INFO main view.ExcelScenarioBuilder-[buildScenario() - ]:90:: Current Test suite name: Mandatory Fields
2019-07-16 09:05:11  WARN main view.ExcelScenarioBuilder-[buildScenario() - ]:106:: No scenario description found in the Run Manager
2019-07-16 09:05:11  WARN main view.ExcelScenarioBuilder-[buildScenario() - ]:117:: No data file found for the test suite Mandatory Fields
2019-07-16 09:05:11  INFO main driver.DriverFactory-[callDrive() - ]:21:: AppType requested is web, Selenium driver will be initiated
2019-07-16 09:05:11  INFO main driver.DriverFactory-[callDrive() - ]:51:: Requested Selenium driver
2019-07-16 09:08:55  INFO main utilityclasses.CommonFunction-[getAllFileInResourceFolder() - ]:1724:: [alm.properties, config.properties, mail.properties]
2019-07-16 09:08:55  INFO main configuration.PropertyValues-[loadPropertyFiles() - ]:42:: No additional Property files available to read
2019-07-16 09:08:55  INFO main controller.Controller-[<init>() - ]:106:: report_Path : C:\reports\
2019-07-16 09:08:55  INFO main controller.Controller-[init() - ]:156:: ReportPath : C:\reports\
2019-07-16 09:08:55  INFO main configuration.Loader-[loadConfigs() - ]:51:: configALMPath : config-files/alm.properties
2019-07-16 09:08:55  INFO main configuration.Loader-[loadConfigs() - ]:56:: configMailPath : config-files/mail.properties
2019-07-16 09:08:55 ERROR main controller.Controller-[<init>() - ]:116:: No enum constant com.azo.flexFrmwk.constants.ReportingType.WEB
2019-07-16 09:08:55  INFO main controller.Controller-[control() - ]:176:: Execution started
2019-07-16 09:08:56  INFO main utilityclasses.ExcelUtils-[readExcel() - ]:69:: Reading the workbook C:\\Test0\\RunManager.xls
2019-07-16 09:08:56  INFO main view.ExcelScenarioBuilder-[buildScenario() - ]:29:: Total # of test case: 1
2019-07-16 09:08:56  INFO main view.ExcelScenarioBuilder-[buildScenario() - ]:45:: Current unique scenario id: Mandatory Fields
2019-07-16 09:08:56  INFO main view.ExcelScenarioBuilder-[buildScenario() - ]:55:: Current test case id: Mandatory Fields
2019-07-16 09:08:56  INFO main view.ExcelScenarioBuilder-[buildScenario() - ]:65:: Current Feature file name: CarrierUpload
2019-07-16 09:08:56  INFO main view.ExcelScenarioBuilder-[buildScenario() - ]:73:: Remote Execution Mode: No
2019-07-16 09:08:56  INFO main view.ExcelScenarioBuilder-[buildScenario() - ]:81:: Current Scenario name: Mandatory Fields
2019-07-16 09:08:56  INFO main view.ExcelScenarioBuilder-[buildScenario() - ]:90:: Current Test suite name: Mandatory Fields
2019-07-16 09:08:56  WARN main view.ExcelScenarioBuilder-[buildScenario() - ]:106:: No scenario description found in the Run Manager
2019-07-16 09:08:56  WARN main view.ExcelScenarioBuilder-[buildScenario() - ]:117:: No data file found for the test suite Mandatory Fields
2019-07-16 09:08:56  INFO main view.ExcelScenarioBuilder-[buildScenario() - ]:29:: Total # of test case: 1
2019-07-16 09:08:56  INFO main view.ExcelScenarioBuilder-[buildScenario() - ]:45:: Current unique scenario id: Mandatory Fields
2019-07-16 09:08:56  INFO main view.ExcelScenarioBuilder-[buildScenario() - ]:55:: Current test case id: Mandatory Fields
2019-07-16 09:08:56  INFO main view.ExcelScenarioBuilder-[buildScenario() - ]:65:: Current Feature file name: CarrierUpload
2019-07-16 09:08:56  INFO main view.ExcelScenarioBuilder-[buildScenario() - ]:73:: Remote Execution Mode: No
2019-07-16 09:08:56  INFO main view.ExcelScenarioBuilder-[buildScenario() - ]:81:: Current Scenario name: Mandatory Fields
2019-07-16 09:08:56  INFO main view.ExcelScenarioBuilder-[buildScenario() - ]:90:: Current Test suite name: Mandatory Fields
2019-07-16 09:08:56  WARN main view.ExcelScenarioBuilder-[buildScenario() - ]:106:: No scenario description found in the Run Manager
2019-07-16 09:08:56  WARN main view.ExcelScenarioBuilder-[buildScenario() - ]:117:: No data file found for the test suite Mandatory Fields
2019-07-16 09:08:56  INFO main driver.DriverFactory-[callDrive() - ]:21:: AppType requested is web, Selenium driver will be initiated
2019-07-16 09:08:56  INFO main driver.DriverFactory-[callDrive() - ]:51:: Requested Selenium driver
2019-07-16 09:10:04  INFO main utilityclasses.CommonFunction-[getAllFileInResourceFolder() - ]:1724:: [alm.properties, config.properties, mail.properties]
2019-07-16 09:10:04  INFO main configuration.PropertyValues-[loadPropertyFiles() - ]:42:: No additional Property files available to read
2019-07-16 09:10:04  INFO main controller.Controller-[<init>() - ]:106:: report_Path : C:\reports\
2019-07-16 09:10:04  INFO main controller.Controller-[init() - ]:156:: ReportPath : C:\reports\
2019-07-16 09:10:04  INFO main configuration.Loader-[loadConfigs() - ]:51:: configALMPath : config-files/alm.properties
2019-07-16 09:10:04  INFO main configuration.Loader-[loadConfigs() - ]:56:: configMailPath : config-files/mail.properties
2019-07-16 09:10:04 ERROR main controller.Controller-[<init>() - ]:116:: No enum constant com.azo.flexFrmwk.constants.ReportingType.WEB
2019-07-16 09:10:04  INFO main controller.Controller-[control() - ]:176:: Execution started
2019-07-16 09:10:05  INFO main utilityclasses.ExcelUtils-[readExcel() - ]:69:: Reading the workbook C:\\Test0\\RunManager.xls
2019-07-16 09:10:05  INFO main view.ExcelScenarioBuilder-[buildScenario() - ]:29:: Total # of test case: 1
2019-07-16 09:10:05  INFO main view.ExcelScenarioBuilder-[buildScenario() - ]:45:: Current unique scenario id: Mandatory Fields
2019-07-16 09:10:05  INFO main view.ExcelScenarioBuilder-[buildScenario() - ]:55:: Current test case id: Mandatory Fields
2019-07-16 09:10:05  INFO main view.ExcelScenarioBuilder-[buildScenario() - ]:65:: Current Feature file name: CarrierUpload
2019-07-16 09:10:05  INFO main view.ExcelScenarioBuilder-[buildScenario() - ]:73:: Remote Execution Mode: No
2019-07-16 09:10:05  INFO main view.ExcelScenarioBuilder-[buildScenario() - ]:81:: Current Scenario name: Mandatory Fields
2019-07-16 09:10:05  INFO main view.ExcelScenarioBuilder-[buildScenario() - ]:90:: Current Test suite name: Mandatory Fields
2019-07-16 09:10:05  WARN main view.ExcelScenarioBuilder-[buildScenario() - ]:106:: No scenario description found in the Run Manager
2019-07-16 09:10:05  WARN main view.ExcelScenarioBuilder-[buildScenario() - ]:117:: No data file found for the test suite Mandatory Fields
2019-07-16 09:10:05  INFO main view.ExcelScenarioBuilder-[buildScenario() - ]:29:: Total # of test case: 1
2019-07-16 09:10:05  INFO main view.ExcelScenarioBuilder-[buildScenario() - ]:45:: Current unique scenario id: Mandatory Fields
2019-07-16 09:10:05  INFO main view.ExcelScenarioBuilder-[buildScenario() - ]:55:: Current test case id: Mandatory Fields
2019-07-16 09:10:05  INFO main view.ExcelScenarioBuilder-[buildScenario() - ]:65:: Current Feature file name: CarrierUpload
2019-07-16 09:10:05  INFO main view.ExcelScenarioBuilder-[buildScenario() - ]:73:: Remote Execution Mode: No
2019-07-16 09:10:05  INFO main view.ExcelScenarioBuilder-[buildScenario() - ]:81:: Current Scenario name: Mandatory Fields
2019-07-16 09:10:05  INFO main view.ExcelScenarioBuilder-[buildScenario() - ]:90:: Current Test suite name: Mandatory Fields
2019-07-16 09:10:05  WARN main view.ExcelScenarioBuilder-[buildScenario() - ]:106:: No scenario description found in the Run Manager
2019-07-16 09:10:05  WARN main view.ExcelScenarioBuilder-[buildScenario() - ]:117:: No data file found for the test suite Mandatory Fields
2019-07-16 09:10:05  INFO main driver.DriverFactory-[callDrive() - ]:21:: AppType requested is web, Selenium driver will be initiated
2019-07-16 09:10:05  INFO main driver.DriverFactory-[callDrive() - ]:51:: Requested Selenium driver
2019-07-16 09:13:03  INFO main utilityclasses.CommonFunction-[getAllFileInResourceFolder() - ]:1724:: [alm.properties, config.properties, mail.properties]
2019-07-16 09:13:03  INFO main configuration.PropertyValues-[loadPropertyFiles() - ]:42:: No additional Property files available to read
2019-07-16 09:13:03  INFO main controller.Controller-[<init>() - ]:106:: report_Path : C:\reports\
2019-07-16 09:13:03  INFO main controller.Controller-[init() - ]:156:: ReportPath : C:\reports\
2019-07-16 09:13:03  INFO main configuration.Loader-[loadConfigs() - ]:51:: configALMPath : config-files/alm.properties
2019-07-16 09:13:03  INFO main configuration.Loader-[loadConfigs() - ]:56:: configMailPath : config-files/mail.properties
2019-07-16 09:13:03 ERROR main controller.Controller-[<init>() - ]:116:: No enum constant com.azo.flexFrmwk.constants.ReportingType.WEB
2019-07-16 09:13:03  INFO main controller.Controller-[control() - ]:176:: Execution started
2019-07-16 09:13:05  INFO main utilityclasses.ExcelUtils-[readExcel() - ]:69:: Reading the workbook C:\\Test0\\RunManager.xls
2019-07-16 09:13:05  INFO main view.ExcelScenarioBuilder-[buildScenario() - ]:29:: Total # of test case: 1
2019-07-16 09:13:05  INFO main view.ExcelScenarioBuilder-[buildScenario() - ]:45:: Current unique scenario id: Mandatory Fields
2019-07-16 09:13:05  INFO main view.ExcelScenarioBuilder-[buildScenario() - ]:55:: Current test case id: Mandatory Fields
2019-07-16 09:13:05  INFO main view.ExcelScenarioBuilder-[buildScenario() - ]:65:: Current Feature file name: CarrierUpload
2019-07-16 09:13:05  INFO main view.ExcelScenarioBuilder-[buildScenario() - ]:73:: Remote Execution Mode: No
2019-07-16 09:13:05  INFO main view.ExcelScenarioBuilder-[buildScenario() - ]:81:: Current Scenario name: Mandatory Fields
2019-07-16 09:13:05  INFO main view.ExcelScenarioBuilder-[buildScenario() - ]:90:: Current Test suite name: Mandatory Fields
2019-07-16 09:13:05  WARN main view.ExcelScenarioBuilder-[buildScenario() - ]:106:: No scenario description found in the Run Manager
2019-07-16 09:13:05  WARN main view.ExcelScenarioBuilder-[buildScenario() - ]:117:: No data file found for the test suite Mandatory Fields
2019-07-16 09:13:05  INFO main view.ExcelScenarioBuilder-[buildScenario() - ]:29:: Total # of test case: 1
2019-07-16 09:13:05  INFO main view.ExcelScenarioBuilder-[buildScenario() - ]:45:: Current unique scenario id: Mandatory Fields
2019-07-16 09:13:05  INFO main view.ExcelScenarioBuilder-[buildScenario() - ]:55:: Current test case id: Mandatory Fields
2019-07-16 09:13:05  INFO main view.ExcelScenarioBuilder-[buildScenario() - ]:65:: Current Feature file name: CarrierUpload
2019-07-16 09:13:05  INFO main view.ExcelScenarioBuilder-[buildScenario() - ]:73:: Remote Execution Mode: No
2019-07-16 09:13:05  INFO main view.ExcelScenarioBuilder-[buildScenario() - ]:81:: Current Scenario name: Mandatory Fields
2019-07-16 09:13:05  INFO main view.ExcelScenarioBuilder-[buildScenario() - ]:90:: Current Test suite name: Mandatory Fields
2019-07-16 09:13:05  WARN main view.ExcelScenarioBuilder-[buildScenario() - ]:106:: No scenario description found in the Run Manager
2019-07-16 09:13:05  WARN main view.ExcelScenarioBuilder-[buildScenario() - ]:117:: No data file found for the test suite Mandatory Fields
2019-07-16 09:13:05  INFO main driver.DriverFactory-[callDrive() - ]:21:: AppType requested is web, Selenium driver will be initiated
2019-07-16 09:13:05  INFO main driver.DriverFactory-[callDrive() - ]:51:: Requested Selenium driver
2019-07-16 09:19:15  INFO main utilityclasses.CommonFunction-[getAllFileInResourceFolder() - ]:1724:: [alm.properties, config.properties, mail.properties]
2019-07-16 09:19:15  INFO main configuration.PropertyValues-[loadPropertyFiles() - ]:42:: No additional Property files available to read
2019-07-16 09:19:15  INFO main controller.Controller-[<init>() - ]:106:: report_Path : C:\reports\
2019-07-16 09:19:15  INFO main controller.Controller-[init() - ]:156:: ReportPath : C:\reports\
2019-07-16 09:19:15  INFO main configuration.Loader-[loadConfigs() - ]:51:: configALMPath : config-files/alm.properties
2019-07-16 09:19:15  INFO main configuration.Loader-[loadConfigs() - ]:56:: configMailPath : config-files/mail.properties
2019-07-16 09:19:15 ERROR main controller.Controller-[<init>() - ]:116:: No enum constant com.azo.flexFrmwk.constants.ReportingType.WEB
2019-07-16 09:19:15  INFO main controller.Controller-[control() - ]:176:: Execution started
2019-07-16 09:19:16  INFO main utilityclasses.ExcelUtils-[readExcel() - ]:69:: Reading the workbook C:\\Test0\\RunManager.xls
2019-07-16 09:19:16  INFO main view.ExcelScenarioBuilder-[buildScenario() - ]:29:: Total # of test case: 1
2019-07-16 09:19:16  INFO main view.ExcelScenarioBuilder-[buildScenario() - ]:45:: Current unique scenario id: Mandatory Fields
2019-07-16 09:19:16  INFO main view.ExcelScenarioBuilder-[buildScenario() - ]:55:: Current test case id: Mandatory Fields
2019-07-16 09:19:16  INFO main view.ExcelScenarioBuilder-[buildScenario() - ]:65:: Current Feature file name: CarrierUpload
2019-07-16 09:19:16  INFO main view.ExcelScenarioBuilder-[buildScenario() - ]:73:: Remote Execution Mode: No
2019-07-16 09:19:16  INFO main view.ExcelScenarioBuilder-[buildScenario() - ]:81:: Current Scenario name: Mandatory Fields
2019-07-16 09:19:16  INFO main view.ExcelScenarioBuilder-[buildScenario() - ]:90:: Current Test suite name: Mandatory Fields
2019-07-16 09:19:16  WARN main view.ExcelScenarioBuilder-[buildScenario() - ]:106:: No scenario description found in the Run Manager
2019-07-16 09:19:16  WARN main view.ExcelScenarioBuilder-[buildScenario() - ]:117:: No data file found for the test suite Mandatory Fields
2019-07-16 09:19:16  INFO main view.ExcelScenarioBuilder-[buildScenario() - ]:29:: Total # of test case: 1
2019-07-16 09:19:16  INFO main view.ExcelScenarioBuilder-[buildScenario() - ]:45:: Current unique scenario id: Mandatory Fields
2019-07-16 09:19:16  INFO main view.ExcelScenarioBuilder-[buildScenario() - ]:55:: Current test case id: Mandatory Fields
2019-07-16 09:19:16  INFO main view.ExcelScenarioBuilder-[buildScenario() - ]:65:: Current Feature file name: CarrierUpload
2019-07-16 09:19:16  INFO main view.ExcelScenarioBuilder-[buildScenario() - ]:73:: Remote Execution Mode: No
2019-07-16 09:19:16  INFO main view.ExcelScenarioBuilder-[buildScenario() - ]:81:: Current Scenario name: Mandatory Fields
2019-07-16 09:19:16  INFO main view.ExcelScenarioBuilder-[buildScenario() - ]:90:: Current Test suite name: Mandatory Fields
2019-07-16 09:19:16  WARN main view.ExcelScenarioBuilder-[buildScenario() - ]:106:: No scenario description found in the Run Manager
2019-07-16 09:19:16  WARN main view.ExcelScenarioBuilder-[buildScenario() - ]:117:: No data file found for the test suite Mandatory Fields
2019-07-16 09:19:16  INFO main driver.DriverFactory-[callDrive() - ]:21:: AppType requested is web, Selenium driver will be initiated
2019-07-16 09:19:16  INFO main driver.DriverFactory-[callDrive() - ]:51:: Requested Selenium driver
2019-07-16 09:20:17  INFO main utilityclasses.CommonFunction-[getAllFileInResourceFolder() - ]:1724:: [alm.properties, config.properties, mail.properties]
2019-07-16 09:20:17  INFO main configuration.PropertyValues-[loadPropertyFiles() - ]:42:: No additional Property files available to read
2019-07-16 09:20:17  INFO main controller.Controller-[<init>() - ]:106:: report_Path : C:\reports\
2019-07-16 09:20:17  INFO main controller.Controller-[init() - ]:156:: ReportPath : C:\reports\
2019-07-16 09:20:17  INFO main configuration.Loader-[loadConfigs() - ]:51:: configALMPath : config-files/alm.properties
2019-07-16 09:20:17  INFO main configuration.Loader-[loadConfigs() - ]:56:: configMailPath : config-files/mail.properties
2019-07-16 09:20:17 ERROR main controller.Controller-[<init>() - ]:116:: No enum constant com.azo.flexFrmwk.constants.ReportingType.WEB
2019-07-16 09:20:17  INFO main controller.Controller-[control() - ]:176:: Execution started
2019-07-16 09:20:18  INFO main utilityclasses.ExcelUtils-[readExcel() - ]:69:: Reading the workbook C:\\Test0\\RunManager.xls
2019-07-16 09:20:18  INFO main view.ExcelScenarioBuilder-[buildScenario() - ]:29:: Total # of test case: 1
2019-07-16 09:20:18  INFO main view.ExcelScenarioBuilder-[buildScenario() - ]:45:: Current unique scenario id: Mandatory Fields
2019-07-16 09:20:18  INFO main view.ExcelScenarioBuilder-[buildScenario() - ]:55:: Current test case id: Mandatory Fields
2019-07-16 09:20:18  INFO main view.ExcelScenarioBuilder-[buildScenario() - ]:65:: Current Feature file name: CarrierUpload
2019-07-16 09:20:18  INFO main view.ExcelScenarioBuilder-[buildScenario() - ]:73:: Remote Execution Mode: No
2019-07-16 09:20:18  INFO main view.ExcelScenarioBuilder-[buildScenario() - ]:81:: Current Scenario name: Mandatory Fields
2019-07-16 09:20:18  INFO main view.ExcelScenarioBuilder-[buildScenario() - ]:90:: Current Test suite name: Mandatory Fields
2019-07-16 09:20:18  WARN main view.ExcelScenarioBuilder-[buildScenario() - ]:106:: No scenario description found in the Run Manager
2019-07-16 09:20:18  WARN main view.ExcelScenarioBuilder-[buildScenario() - ]:117:: No data file found for the test suite Mandatory Fields
2019-07-16 09:20:18  INFO main view.ExcelScenarioBuilder-[buildScenario() - ]:29:: Total # of test case: 1
2019-07-16 09:20:18  INFO main view.ExcelScenarioBuilder-[buildScenario() - ]:45:: Current unique scenario id: Mandatory Fields
2019-07-16 09:20:18  INFO main view.ExcelScenarioBuilder-[buildScenario() - ]:55:: Current test case id: Mandatory Fields
2019-07-16 09:20:18  INFO main view.ExcelScenarioBuilder-[buildScenario() - ]:65:: Current Feature file name: CarrierUpload
2019-07-16 09:20:18  INFO main view.ExcelScenarioBuilder-[buildScenario() - ]:73:: Remote Execution Mode: No
2019-07-16 09:20:18  INFO main view.ExcelScenarioBuilder-[buildScenario() - ]:81:: Current Scenario name: Mandatory Fields
2019-07-16 09:20:18  INFO main view.ExcelScenarioBuilder-[buildScenario() - ]:90:: Current Test suite name: Mandatory Fields
2019-07-16 09:20:18  WARN main view.ExcelScenarioBuilder-[buildScenario() - ]:106:: No scenario description found in the Run Manager
2019-07-16 09:20:18  WARN main view.ExcelScenarioBuilder-[buildScenario() - ]:117:: No data file found for the test suite Mandatory Fields
2019-07-16 09:20:18  INFO main driver.DriverFactory-[callDrive() - ]:21:: AppType requested is web, Selenium driver will be initiated
2019-07-16 09:20:18  INFO main driver.DriverFactory-[callDrive() - ]:51:: Requested Selenium driver
2019-07-16 09:20:46  INFO main utilityclasses.CommonFunction-[getAllFileInResourceFolder() - ]:1724:: [alm.properties, config.properties, mail.properties]
2019-07-16 09:20:46  INFO main configuration.PropertyValues-[loadPropertyFiles() - ]:42:: No additional Property files available to read
2019-07-16 09:20:46  INFO main controller.Controller-[<init>() - ]:106:: report_Path : C:\reports\
2019-07-16 09:20:46  INFO main controller.Controller-[init() - ]:156:: ReportPath : C:\reports\
2019-07-16 09:20:46  INFO main configuration.Loader-[loadConfigs() - ]:51:: configALMPath : config-files/alm.properties
2019-07-16 09:20:46  INFO main configuration.Loader-[loadConfigs() - ]:56:: configMailPath : config-files/mail.properties
2019-07-16 09:20:46 ERROR main controller.Controller-[<init>() - ]:116:: No enum constant com.azo.flexFrmwk.constants.ReportingType.WEB
2019-07-16 09:20:46  INFO main controller.Controller-[control() - ]:176:: Execution started
2019-07-16 09:20:47  INFO main utilityclasses.ExcelUtils-[readExcel() - ]:69:: Reading the workbook C:\\Test0\\RunManager.xls
2019-07-16 09:20:47  INFO main view.ExcelScenarioBuilder-[buildScenario() - ]:29:: Total # of test case: 1
2019-07-16 09:20:47  INFO main view.ExcelScenarioBuilder-[buildScenario() - ]:45:: Current unique scenario id: Mandatory Fields
2019-07-16 09:20:47  INFO main view.ExcelScenarioBuilder-[buildScenario() - ]:55:: Current test case id: Mandatory Fields
2019-07-16 09:20:47  INFO main view.ExcelScenarioBuilder-[buildScenario() - ]:65:: Current Feature file name: CarrierUpload
2019-07-16 09:20:47  INFO main view.ExcelScenarioBuilder-[buildScenario() - ]:73:: Remote Execution Mode: No
2019-07-16 09:20:47  INFO main view.ExcelScenarioBuilder-[buildScenario() - ]:81:: Current Scenario name: Mandatory Fields
2019-07-16 09:20:47  INFO main view.ExcelScenarioBuilder-[buildScenario() - ]:90:: Current Test suite name: Mandatory Fields
2019-07-16 09:20:47  WARN main view.ExcelScenarioBuilder-[buildScenario() - ]:106:: No scenario description found in the Run Manager
2019-07-16 09:20:47  WARN main view.ExcelScenarioBuilder-[buildScenario() - ]:117:: No data file found for the test suite Mandatory Fields
2019-07-16 09:20:47  INFO main view.ExcelScenarioBuilder-[buildScenario() - ]:29:: Total # of test case: 1
2019-07-16 09:20:47  INFO main view.ExcelScenarioBuilder-[buildScenario() - ]:45:: Current unique scenario id: Mandatory Fields
2019-07-16 09:20:47  INFO main view.ExcelScenarioBuilder-[buildScenario() - ]:55:: Current test case id: Mandatory Fields
2019-07-16 09:20:47  INFO main view.ExcelScenarioBuilder-[buildScenario() - ]:65:: Current Feature file name: CarrierUpload
2019-07-16 09:20:47  INFO main view.ExcelScenarioBuilder-[buildScenario() - ]:73:: Remote Execution Mode: No
2019-07-16 09:20:47  INFO main view.ExcelScenarioBuilder-[buildScenario() - ]:81:: Current Scenario name: Mandatory Fields
2019-07-16 09:20:47  INFO main view.ExcelScenarioBuilder-[buildScenario() - ]:90:: Current Test suite name: Mandatory Fields
2019-07-16 09:20:47  WARN main view.ExcelScenarioBuilder-[buildScenario() - ]:106:: No scenario description found in the Run Manager
2019-07-16 09:20:47  WARN main view.ExcelScenarioBuilder-[buildScenario() - ]:117:: No data file found for the test suite Mandatory Fields
2019-07-16 09:20:47  INFO main driver.DriverFactory-[callDrive() - ]:21:: AppType requested is web, Selenium driver will be initiated
2019-07-16 09:20:47  INFO main driver.DriverFactory-[callDrive() - ]:51:: Requested Selenium driver
2019-07-16 09:24:36  INFO main utilityclasses.CommonFunction-[getAllFileInResourceFolder() - ]:1724:: [alm.properties, config.properties, mail.properties]
2019-07-16 09:24:36  INFO main configuration.PropertyValues-[loadPropertyFiles() - ]:42:: No additional Property files available to read
2019-07-16 09:24:36  INFO main controller.Controller-[<init>() - ]:106:: report_Path : C:\reports\
2019-07-16 09:24:36  INFO main controller.Controller-[init() - ]:156:: ReportPath : C:\reports\
2019-07-16 09:24:36  INFO main configuration.Loader-[loadConfigs() - ]:51:: configALMPath : config-files/alm.properties
2019-07-16 09:24:36  INFO main configuration.Loader-[loadConfigs() - ]:56:: configMailPath : config-files/mail.properties
2019-07-16 09:24:36 ERROR main controller.Controller-[<init>() - ]:116:: No enum constant com.azo.flexFrmwk.constants.ReportingType.WEB
2019-07-16 09:24:36  INFO main controller.Controller-[control() - ]:176:: Execution started
2019-07-16 09:24:37  INFO main utilityclasses.ExcelUtils-[readExcel() - ]:69:: Reading the workbook C:\\Test0\\RunManager.xls
2019-07-16 09:24:37  INFO main view.ExcelScenarioBuilder-[buildScenario() - ]:29:: Total # of test case: 1
2019-07-16 09:24:37  INFO main view.ExcelScenarioBuilder-[buildScenario() - ]:45:: Current unique scenario id: Mandatory Fields
2019-07-16 09:24:37  INFO main view.ExcelScenarioBuilder-[buildScenario() - ]:55:: Current test case id: Mandatory Fields
2019-07-16 09:24:37  INFO main view.ExcelScenarioBuilder-[buildScenario() - ]:65:: Current Feature file name: CarrierUpload
2019-07-16 09:24:37  INFO main view.ExcelScenarioBuilder-[buildScenario() - ]:73:: Remote Execution Mode: No
2019-07-16 09:24:37  INFO main view.ExcelScenarioBuilder-[buildScenario() - ]:81:: Current Scenario name: Mandatory Fields
2019-07-16 09:24:37  INFO main view.ExcelScenarioBuilder-[buildScenario() - ]:90:: Current Test suite name: Mandatory Fields
2019-07-16 09:24:37  WARN main view.ExcelScenarioBuilder-[buildScenario() - ]:106:: No scenario description found in the Run Manager
2019-07-16 09:24:37  WARN main view.ExcelScenarioBuilder-[buildScenario() - ]:117:: No data file found for the test suite Mandatory Fields
2019-07-16 09:24:37  INFO main view.ExcelScenarioBuilder-[buildScenario() - ]:29:: Total # of test case: 1
2019-07-16 09:24:37  INFO main view.ExcelScenarioBuilder-[buildScenario() - ]:45:: Current unique scenario id: Mandatory Fields
2019-07-16 09:24:37  INFO main view.ExcelScenarioBuilder-[buildScenario() - ]:55:: Current test case id: Mandatory Fields
2019-07-16 09:24:37  INFO main view.ExcelScenarioBuilder-[buildScenario() - ]:65:: Current Feature file name: CarrierUpload
2019-07-16 09:24:37  INFO main view.ExcelScenarioBuilder-[buildScenario() - ]:73:: Remote Execution Mode: No
2019-07-16 09:24:37  INFO main view.ExcelScenarioBuilder-[buildScenario() - ]:81:: Current Scenario name: Mandatory Fields
2019-07-16 09:24:37  INFO main view.ExcelScenarioBuilder-[buildScenario() - ]:90:: Current Test suite name: Mandatory Fields
2019-07-16 09:24:37  WARN main view.ExcelScenarioBuilder-[buildScenario() - ]:106:: No scenario description found in the Run Manager
2019-07-16 09:24:37  WARN main view.ExcelScenarioBuilder-[buildScenario() - ]:117:: No data file found for the test suite Mandatory Fields
2019-07-16 09:24:37  INFO main driver.DriverFactory-[callDrive() - ]:21:: AppType requested is web, Selenium driver will be initiated
2019-07-16 09:24:37  INFO main driver.DriverFactory-[callDrive() - ]:51:: Requested Selenium driver
